<?xml version="1.0" encoding="utf-8"?>
<coverage line-rate="0.6823999999999999" branch-rate="0.5858" version="1.9" timestamp="1777270013" lines-covered="578" lines-valid="847" branches-covered="157" branches-valid="268">
  <sources>
    <source>/home/mrbogdanovich/git/FeelingFine/WebApi/WebApi/</source>
  </sources>
  <packages>
    <package name="WebApi" line-rate="0.6823999999999999" branch-rate="0.5858" complexity="432">
      <classes>
        <class name="Program/&lt;&lt;Main&gt;$&gt;d__0" filename="Program.cs" line-rate="0" branch-rate="1" complexity="1">
          <methods>
            <method name="MoveNext" signature="()" line-rate="0" branch-rate="1" complexity="1">
              <lines>
                <line number="11" hits="0" branch="False" />
                <line number="12" hits="0" branch="False" />
                <line number="13" hits="0" branch="False" />
                <line number="15" hits="0" branch="False" />
                <line number="17" hits="0" branch="False" />
                <line number="18" hits="0" branch="False" />
                <line number="19" hits="0" branch="False" />
                <line number="20" hits="0" branch="False" />
                <line number="21" hits="0" branch="False" />
                <line number="23" hits="0" branch="False" />
                <line number="25" hits="0" branch="False" />
              </lines>
            </method>
          </methods>
          <lines>
            <line number="11" hits="0" branch="False" />
            <line number="12" hits="0" branch="False" />
            <line number="13" hits="0" branch="False" />
            <line number="15" hits="0" branch="False" />
            <line number="17" hits="0" branch="False" />
            <line number="18" hits="0" branch="False" />
            <line number="19" hits="0" branch="False" />
            <line number="20" hits="0" branch="False" />
            <line number="21" hits="0" branch="False" />
            <line number="23" hits="0" branch="False" />
            <line number="25" hits="0" branch="False" />
          </lines>
        </class>
        <class name="WebApi.Layout.MainLayout" filename="Layout/MainLayout.razor" line-rate="0" branch-rate="1" complexity="2">
          <methods>
            <method name="&lt;BuildRenderTree&gt;b__0_1" signature="(Microsoft.AspNetCore.Components.Rendering.RenderTreeBuilder)" line-rate="0" branch-rate="1" complexity="1">
              <lines>
                <line number="10" hits="0" branch="False" />
              </lines>
            </method>
            <method name=".ctor" signature="()" line-rate="0" branch-rate="1" complexity="1">
              <lines>
                <line number="15" hits="0" branch="False" />
                <line number="16" hits="0" branch="False" />
                <line number="17" hits="0" branch="False" />
                <line number="18" hits="0" branch="False" />
                <line number="19" hits="0" branch="False" />
                <line number="20" hits="0" branch="False" />
                <line number="21" hits="0" branch="False" />
                <line number="22" hits="0" branch="False" />
                <line number="23" hits="0" branch="False" />
                <line number="24" hits="0" branch="False" />
                <line number="25" hits="0" branch="False" />
                <line number="26" hits="0" branch="False" />
                <line number="27" hits="0" branch="False" />
                <line number="28" hits="0" branch="False" />
                <line number="29" hits="0" branch="False" />
                <line number="30" hits="0" branch="False" />
                <line number="31" hits="0" branch="False" />
                <line number="32" hits="0" branch="False" />
                <line number="33" hits="0" branch="False" />
                <line number="34" hits="0" branch="False" />
                <line number="35" hits="0" branch="False" />
                <line number="36" hits="0" branch="False" />
                <line number="37" hits="0" branch="False" />
                <line number="38" hits="0" branch="False" />
                <line number="39" hits="0" branch="False" />
                <line number="40" hits="0" branch="False" />
                <line number="41" hits="0" branch="False" />
                <line number="42" hits="0" branch="False" />
                <line number="43" hits="0" branch="False" />
                <line number="44" hits="0" branch="False" />
                <line number="45" hits="0" branch="False" />
                <line number="46" hits="0" branch="False" />
                <line number="47" hits="0" branch="False" />
                <line number="48" hits="0" branch="False" />
                <line number="49" hits="0" branch="False" />
                <line number="50" hits="0" branch="False" />
                <line number="51" hits="0" branch="False" />
                <line number="52" hits="0" branch="False" />
                <line number="53" hits="0" branch="False" />
                <line number="54" hits="0" branch="False" />
                <line number="55" hits="0" branch="False" />
                <line number="56" hits="0" branch="False" />
                <line number="57" hits="0" branch="False" />
                <line number="58" hits="0" branch="False" />
                <line number="59" hits="0" branch="False" />
                <line number="60" hits="0" branch="False" />
                <line number="61" hits="0" branch="False" />
                <line number="62" hits="0" branch="False" />
                <line number="63" hits="0" branch="False" />
                <line number="64" hits="0" branch="False" />
                <line number="65" hits="0" branch="False" />
                <line number="66" hits="0" branch="False" />
                <line number="67" hits="0" branch="False" />
              </lines>
            </method>
          </methods>
          <lines>
            <line number="10" hits="0" branch="False" />
            <line number="15" hits="0" branch="False" />
            <line number="16" hits="0" branch="False" />
            <line number="17" hits="0" branch="False" />
            <line number="18" hits="0" branch="False" />
            <line number="19" hits="0" branch="False" />
            <line number="20" hits="0" branch="False" />
            <line number="21" hits="0" branch="False" />
            <line number="22" hits="0" branch="False" />
            <line number="23" hits="0" branch="False" />
            <line number="24" hits="0" branch="False" />
            <line number="25" hits="0" branch="False" />
            <line number="26" hits="0" branch="False" />
            <line number="27" hits="0" branch="False" />
            <line number="28" hits="0" branch="False" />
            <line number="29" hits="0" branch="False" />
            <line number="30" hits="0" branch="False" />
            <line number="31" hits="0" branch="False" />
            <line number="32" hits="0" branch="False" />
            <line number="33" hits="0" branch="False" />
            <line number="34" hits="0" branch="False" />
            <line number="35" hits="0" branch="False" />
            <line number="36" hits="0" branch="False" />
            <line number="37" hits="0" branch="False" />
            <line number="38" hits="0" branch="False" />
            <line number="39" hits="0" branch="False" />
            <line number="40" hits="0" branch="False" />
            <line number="41" hits="0" branch="False" />
            <line number="42" hits="0" branch="False" />
            <line number="43" hits="0" branch="False" />
            <line number="44" hits="0" branch="False" />
            <line number="45" hits="0" branch="False" />
            <line number="46" hits="0" branch="False" />
            <line number="47" hits="0" branch="False" />
            <line number="48" hits="0" branch="False" />
            <line number="49" hits="0" branch="False" />
            <line number="50" hits="0" branch="False" />
            <line number="51" hits="0" branch="False" />
            <line number="52" hits="0" branch="False" />
            <line number="53" hits="0" branch="False" />
            <line number="54" hits="0" branch="False" />
            <line number="55" hits="0" branch="False" />
            <line number="56" hits="0" branch="False" />
            <line number="57" hits="0" branch="False" />
            <line number="58" hits="0" branch="False" />
            <line number="59" hits="0" branch="False" />
            <line number="60" hits="0" branch="False" />
            <line number="61" hits="0" branch="False" />
            <line number="62" hits="0" branch="False" />
            <line number="63" hits="0" branch="False" />
            <line number="64" hits="0" branch="False" />
            <line number="65" hits="0" branch="False" />
            <line number="66" hits="0" branch="False" />
            <line number="67" hits="0" branch="False" />
          </lines>
        </class>
        <class name="WebApi.Shared.AddReviewDialog" filename="Shared/AddReviewDialog.razor" line-rate="0.5454" branch-rate="0.25" complexity="15">
          <methods>
            <method name="get_MudDialog" signature="()" line-rate="1" branch-rate="1" complexity="1">
              <lines>
                <line number="66" hits="1" branch="False" />
              </lines>
            </method>
            <method name="get_IsAdmin" signature="()" line-rate="1" branch-rate="1" complexity="1">
              <lines>
                <line number="68" hits="1" branch="False" />
              </lines>
            </method>
            <method name="get_AllBusinesses" signature="()" line-rate="1" branch-rate="1" complexity="1">
              <lines>
                <line number="69" hits="2" branch="False" />
              </lines>
            </method>
            <method name="get_AllClients" signature="()" line-rate="1" branch-rate="1" complexity="1">
              <lines>
                <line number="70" hits="2" branch="False" />
              </lines>
            </method>
            <method name="get_TargetBusinessId" signature="()" line-rate="1" branch-rate="1" complexity="1">
              <lines>
                <line number="71" hits="3" branch="False" />
              </lines>
            </method>
            <method name="OnInitialized" signature="()" line-rate="1" branch-rate="1" complexity="2">
              <lines>
                <line number="76" hits="1" branch="False" />
                <line number="77" hits="1" branch="True" condition-coverage="100% (2/2)">
                  <conditions>
                    <condition number="19" type="jump" coverage="100%" />
                  </conditions>
                </line>
                <line number="78" hits="1" branch="False" />
                <line number="79" hits="1" branch="False" />
                <line number="80" hits="1" branch="False" />
                <line number="81" hits="1" branch="False" />
              </lines>
            </method>
            <method name="Cancel" signature="()" line-rate="0" branch-rate="1" complexity="1">
              <lines>
                <line number="83" hits="0" branch="False" />
              </lines>
            </method>
            <method name="&lt;BuildRenderTree&gt;b__0_2" signature="(Microsoft.AspNetCore.Components.Rendering.RenderTreeBuilder)" line-rate="0" branch-rate="0" complexity="2">
              <lines>
                <line number="15" hits="0" branch="True" condition-coverage="0% (0/2)">
                  <conditions>
                    <condition number="69" type="jump" coverage="0%" />
                  </conditions>
                </line>
                <line number="16" hits="0" branch="False" />
                <line number="28" hits="0" branch="False" />
              </lines>
            </method>
            <method name="&lt;BuildRenderTree&gt;b__0_4" signature="(Microsoft.AspNetCore.Components.Rendering.RenderTreeBuilder)" line-rate="0" branch-rate="0" complexity="2">
              <lines>
                <line number="23" hits="0" branch="True" condition-coverage="0% (0/2)">
                  <conditions>
                    <condition number="126" type="jump" coverage="0%" />
                  </conditions>
                </line>
                <line number="24" hits="0" branch="False" />
                <line number="26" hits="0" branch="False" />
              </lines>
            </method>
            <method name="&lt;BuildRenderTree&gt;b__0_6" signature="(Microsoft.AspNetCore.Components.Rendering.RenderTreeBuilder)" line-rate="0" branch-rate="0" complexity="2">
              <lines>
                <line number="36" hits="0" branch="True" condition-coverage="0% (0/2)">
                  <conditions>
                    <condition number="126" type="jump" coverage="0%" />
                  </conditions>
                </line>
                <line number="37" hits="0" branch="False" />
                <line number="39" hits="0" branch="False" />
              </lines>
            </method>
            <method name=".ctor" signature="()" line-rate="1" branch-rate="1" complexity="1">
              <lines>
                <line number="73" hits="1" branch="False" />
              </lines>
            </method>
          </methods>
          <lines>
            <line number="66" hits="1" branch="False" />
            <line number="68" hits="1" branch="False" />
            <line number="69" hits="2" branch="False" />
            <line number="70" hits="2" branch="False" />
            <line number="71" hits="3" branch="False" />
            <line number="76" hits="1" branch="False" />
            <line number="77" hits="1" branch="True" condition-coverage="100% (2/2)">
              <conditions>
                <condition number="19" type="jump" coverage="100%" />
              </conditions>
            </line>
            <line number="78" hits="1" branch="False" />
            <line number="79" hits="1" branch="False" />
            <line number="80" hits="1" branch="False" />
            <line number="81" hits="1" branch="False" />
            <line number="83" hits="0" branch="False" />
            <line number="15" hits="0" branch="True" condition-coverage="0% (0/2)">
              <conditions>
                <condition number="69" type="jump" coverage="0%" />
              </conditions>
            </line>
            <line number="16" hits="0" branch="False" />
            <line number="28" hits="0" branch="False" />
            <line number="23" hits="0" branch="True" condition-coverage="0% (0/2)">
              <conditions>
                <condition number="126" type="jump" coverage="0%" />
              </conditions>
            </line>
            <line number="24" hits="0" branch="False" />
            <line number="26" hits="0" branch="False" />
            <line number="36" hits="0" branch="True" condition-coverage="0% (0/2)">
              <conditions>
                <condition number="126" type="jump" coverage="0%" />
              </conditions>
            </line>
            <line number="37" hits="0" branch="False" />
            <line number="39" hits="0" branch="False" />
            <line number="73" hits="1" branch="False" />
          </lines>
        </class>
        <class name="WebApi.Shared.AddReviewDialog/ReviewInput" filename="Shared/AddReviewDialog.razor" line-rate="0.5" branch-rate="1" complexity="4">
          <methods>
            <method name="get_BusinessId" signature="()" line-rate="1" branch-rate="1" complexity="1">
              <lines>
                <line number="94" hits="1" branch="False" />
              </lines>
            </method>
            <method name="get_ClientId" signature="()" line-rate="0" branch-rate="1" complexity="1">
              <lines>
                <line number="97" hits="0" branch="False" />
              </lines>
            </method>
            <method name="get_Rating" signature="()" line-rate="0" branch-rate="1" complexity="1">
              <lines>
                <line number="100" hits="0" branch="False" />
              </lines>
            </method>
            <method name="get_RawText" signature="()" line-rate="1" branch-rate="1" complexity="1">
              <lines>
                <line number="103" hits="1" branch="False" />
              </lines>
            </method>
          </methods>
          <lines>
            <line number="94" hits="1" branch="False" />
            <line number="97" hits="0" branch="False" />
            <line number="100" hits="0" branch="False" />
            <line number="103" hits="1" branch="False" />
          </lines>
        </class>
        <class name="WebApi.Shared.AddReviewDialog/&lt;&gt;c__DisplayClass0_0" filename="Shared/AddReviewDialog.razor" line-rate="0" branch-rate="1" complexity="1">
          <methods>
            <method name="&lt;BuildRenderTree&gt;b__11" signature="(Microsoft.AspNetCore.Components.Rendering.RenderTreeBuilder)" line-rate="0" branch-rate="1" complexity="1">
              <lines>
                <line number="25" hits="0" branch="False" />
              </lines>
            </method>
          </methods>
          <lines>
            <line number="25" hits="0" branch="False" />
          </lines>
        </class>
        <class name="WebApi.Shared.AddReviewDialog/&lt;&gt;c__DisplayClass0_1" filename="Shared/AddReviewDialog.razor" line-rate="0" branch-rate="1" complexity="1">
          <methods>
            <method name="&lt;BuildRenderTree&gt;b__12" signature="(Microsoft.AspNetCore.Components.Rendering.RenderTreeBuilder)" line-rate="0" branch-rate="1" complexity="1">
              <lines>
                <line number="38" hits="0" branch="False" />
              </lines>
            </method>
          </methods>
          <lines>
            <line number="38" hits="0" branch="False" />
          </lines>
        </class>
        <class name="WebApi.Shared.AddReviewDialog/&lt;SubmitReview&gt;d__24" filename="Shared/AddReviewDialog.razor" line-rate="0" branch-rate="1" complexity="1">
          <methods>
            <method name="MoveNext" signature="()" line-rate="0" branch-rate="1" complexity="1">
              <lines>
                <line number="86" hits="0" branch="False" />
                <line number="87" hits="0" branch="False" />
                <line number="88" hits="0" branch="False" />
                <line number="89" hits="0" branch="False" />
              </lines>
            </method>
          </methods>
          <lines>
            <line number="86" hits="0" branch="False" />
            <line number="87" hits="0" branch="False" />
            <line number="88" hits="0" branch="False" />
            <line number="89" hits="0" branch="False" />
          </lines>
        </class>
        <class name="WebApi.Shared.Navbar" filename="Shared/Navbar.razor" line-rate="0.9615" branch-rate="0.7142000000000001" complexity="17">
          <methods>
            <method name="get_Username" signature="()" line-rate="1" branch-rate="1" complexity="1">
              <lines>
                <line number="43" hits="4" branch="False" />
              </lines>
            </method>
            <method name="get_Email" signature="()" line-rate="1" branch-rate="1" complexity="1">
              <lines>
                <line number="44" hits="8" branch="False" />
              </lines>
            </method>
            <method name="ParseClaimsFromJwt" signature="(System.String)" line-rate="1" branch-rate="0.7" complexity="10">
              <lines>
                <line number="60" hits="1" branch="False" />
                <line number="61" hits="1" branch="False" />
                <line number="62" hits="1" branch="False" />
                <line number="63" hits="1" branch="True" condition-coverage="50% (1/2)">
                  <conditions>
                    <condition number="27" type="jump" coverage="50%" />
                  </conditions>
                </line>
                <line number="65" hits="1" branch="False" />
                <line number="66" hits="1" branch="False" />
                <line number="67" hits="1" branch="False" />
                <line number="69" hits="1" branch="True" condition-coverage="100% (2/2)">
                  <conditions>
                    <condition number="72" type="jump" coverage="100%" />
                  </conditions>
                </line>
                <line number="70" hits="1" branch="False" />
                <line number="71" hits="5" branch="True" condition-coverage="100% (2/2)">
                  <conditions>
                    <condition number="152" type="jump" coverage="100%" />
                  </conditions>
                </line>
                <line number="72" hits="1" branch="False" />
                <line number="73" hits="1" branch="True" condition-coverage="50% (2/4)">
                  <conditions>
                    <condition number="113" type="jump" coverage="50%" />
                    <condition number="125" type="jump" coverage="50%" />
                  </conditions>
                </line>
                <line number="74" hits="1" branch="False" />
                <line number="75" hits="1" branch="False" />
                <line number="77" hits="1" branch="False" />
                <line number="78" hits="1" branch="False" />
              </lines>
            </method>
            <method name="ParseBase64WithoutPadding" signature="(System.String)" line-rate="0.8571" branch-rate="0.75" complexity="4">
              <lines>
                <line number="81" hits="1" branch="False" />
                <line number="82" hits="1" branch="False" />
                <line number="83" hits="1" branch="True" condition-coverage="75% (3/4)">
                  <conditions>
                    <condition number="35" type="jump" coverage="50%" />
                    <condition number="41" type="jump" coverage="100%" />
                  </conditions>
                </line>
                <line number="85" hits="0" branch="False" />
                <line number="86" hits="2" branch="False" />
                <line number="88" hits="1" branch="False" />
                <line number="89" hits="1" branch="False" />
              </lines>
            </method>
            <method name="&lt;BuildRenderTree&gt;b__0_5" signature="(Microsoft.AspNetCore.Components.Rendering.RenderTreeBuilder)" line-rate="1" branch-rate="1" complexity="1">
              <lines>
                <line number="28" hits="4" branch="False" />
              </lines>
            </method>
          </methods>
          <lines>
            <line number="43" hits="4" branch="False" />
            <line number="44" hits="8" branch="False" />
            <line number="60" hits="1" branch="False" />
            <line number="61" hits="1" branch="False" />
            <line number="62" hits="1" branch="False" />
            <line number="63" hits="1" branch="True" condition-coverage="50% (1/2)">
              <conditions>
                <condition number="27" type="jump" coverage="50%" />
              </conditions>
            </line>
            <line number="65" hits="1" branch="False" />
            <line number="66" hits="1" branch="False" />
            <line number="67" hits="1" branch="False" />
            <line number="69" hits="1" branch="True" condition-coverage="100% (2/2)">
              <conditions>
                <condition number="72" type="jump" coverage="100%" />
              </conditions>
            </line>
            <line number="70" hits="1" branch="False" />
            <line number="71" hits="5" branch="True" condition-coverage="100% (2/2)">
              <conditions>
                <condition number="152" type="jump" coverage="100%" />
              </conditions>
            </line>
            <line number="72" hits="1" branch="False" />
            <line number="73" hits="1" branch="True" condition-coverage="50% (2/4)">
              <conditions>
                <condition number="113" type="jump" coverage="50%" />
                <condition number="125" type="jump" coverage="50%" />
              </conditions>
            </line>
            <line number="74" hits="1" branch="False" />
            <line number="75" hits="1" branch="False" />
            <line number="77" hits="1" branch="False" />
            <line number="78" hits="1" branch="False" />
            <line number="81" hits="1" branch="False" />
            <line number="82" hits="1" branch="False" />
            <line number="83" hits="1" branch="True" condition-coverage="75% (3/4)">
              <conditions>
                <condition number="35" type="jump" coverage="50%" />
                <condition number="41" type="jump" coverage="100%" />
              </conditions>
            </line>
            <line number="85" hits="0" branch="False" />
            <line number="86" hits="2" branch="False" />
            <line number="88" hits="1" branch="False" />
            <line number="89" hits="1" branch="False" />
            <line number="28" hits="4" branch="False" />
          </lines>
        </class>
        <class name="WebApi.Shared.Navbar/&lt;&gt;c" filename="Shared/Navbar.razor" line-rate="1" branch-rate="0.5" complexity="6">
          <methods>
            <method name="&lt;OnInitializedAsync&gt;b__9_0" signature="(System.Security.Claims.Claim)" line-rate="1" branch-rate="0.5" complexity="4">
              <lines>
                <line number="54" hits="2" branch="True" condition-coverage="50% (2/4)">
                  <conditions>
                    <condition number="16" type="jump" coverage="50%" />
                    <condition number="34" type="jump" coverage="50%" />
                  </conditions>
                </line>
              </lines>
            </method>
            <method name="&lt;OnInitializedAsync&gt;b__9_1" signature="(System.Security.Claims.Claim)" line-rate="1" branch-rate="0.5" complexity="2">
              <lines>
                <line number="55" hits="2" branch="True" condition-coverage="50% (1/2)">
                  <conditions>
                    <condition number="16" type="jump" coverage="50%" />
                  </conditions>
                </line>
              </lines>
            </method>
          </methods>
          <lines>
            <line number="54" hits="2" branch="True" condition-coverage="50% (2/4)">
              <conditions>
                <condition number="16" type="jump" coverage="50%" />
                <condition number="34" type="jump" coverage="50%" />
              </conditions>
            </line>
            <line number="55" hits="2" branch="True" condition-coverage="50% (1/2)">
              <conditions>
                <condition number="16" type="jump" coverage="50%" />
              </conditions>
            </line>
          </lines>
        </class>
        <class name="WebApi.Shared.Navbar/&lt;Logout&gt;d__12" filename="Shared/Navbar.razor" line-rate="1" branch-rate="1" complexity="1">
          <methods>
            <method name="MoveNext" signature="()" line-rate="1" branch-rate="1" complexity="1">
              <lines>
                <line number="92" hits="1" branch="False" />
                <line number="94" hits="1" branch="False" />
                <line number="95" hits="1" branch="False" />
                <line number="97" hits="1" branch="False" />
                <line number="98" hits="1" branch="False" />
              </lines>
            </method>
          </methods>
          <lines>
            <line number="92" hits="1" branch="False" />
            <line number="94" hits="1" branch="False" />
            <line number="95" hits="1" branch="False" />
            <line number="97" hits="1" branch="False" />
            <line number="98" hits="1" branch="False" />
          </lines>
        </class>
        <class name="WebApi.Shared.Navbar/&lt;OnInitializedAsync&gt;d__9" filename="Shared/Navbar.razor" line-rate="1" branch-rate="0.75" complexity="8">
          <methods>
            <method name="MoveNext" signature="()" line-rate="1" branch-rate="0.75" complexity="8">
              <lines>
                <line number="48" hits="3" branch="False" />
                <line number="49" hits="3" branch="False" />
                <line number="50" hits="3" branch="True" condition-coverage="100% (2/2)">
                  <conditions>
                    <condition number="185" type="jump" coverage="100%" />
                  </conditions>
                </line>
                <line number="51" hits="1" branch="False" />
                <line number="52" hits="1" branch="False" />
                <line number="56" hits="1" branch="False" />
                <line number="57" hits="3" branch="False" />
              </lines>
            </method>
          </methods>
          <lines>
            <line number="48" hits="3" branch="False" />
            <line number="49" hits="3" branch="False" />
            <line number="50" hits="3" branch="True" condition-coverage="100% (2/2)">
              <conditions>
                <condition number="185" type="jump" coverage="100%" />
              </conditions>
            </line>
            <line number="51" hits="1" branch="False" />
            <line number="52" hits="1" branch="False" />
            <line number="56" hits="1" branch="False" />
            <line number="57" hits="3" branch="False" />
          </lines>
        </class>
        <class name="WebApi.Pages.Dashboard" filename="Pages/Dashboard.razor" line-rate="0.8108" branch-rate="0.8332999999999999" complexity="19">
          <methods>
            <method name="CreateNewBusiness" signature="()" line-rate="1" branch-rate="1" complexity="1">
              <lines>
                <line number="179" hits="2" branch="False" />
                <line number="180" hits="2" branch="False" />
                <line number="181" hits="2" branch="False" />
                <line number="182" hits="2" branch="False" />
                <line number="183" hits="2" branch="False" />
              </lines>
            </method>
            <method name="CreateNewClient" signature="()" line-rate="1" branch-rate="1" complexity="1">
              <lines>
                <line number="186" hits="1" branch="False" />
                <line number="187" hits="1" branch="False" />
                <line number="188" hits="1" branch="False" />
                <line number="189" hits="1" branch="False" />
                <line number="190" hits="1" branch="False" />
                <line number="191" hits="1" branch="False" />
              </lines>
            </method>
            <method name="&lt;BuildRenderTree&gt;b__0_0" signature="(Microsoft.AspNetCore.Components.Rendering.RenderTreeBuilder)" line-rate="0.75" branch-rate="0.8332999999999999" complexity="12">
              <lines>
                <line number="30" hits="12" branch="True" condition-coverage="100% (6/6)">
                  <conditions>
                    <condition number="236" type="jump" coverage="100%" />
                    <condition number="448" type="jump" coverage="100%" />
                    <condition number="638" type="jump" coverage="100%" />
                  </conditions>
                </line>
                <line number="31" hits="8" branch="False" />
                <line number="44" hits="8" branch="True" condition-coverage="50% (1/2)">
                  <conditions>
                    <condition number="1052" type="jump" coverage="50%" />
                  </conditions>
                </line>
                <line number="45" hits="0" branch="False" />
                <line number="49" hits="0" branch="False" />
                <line number="51" hits="8" branch="False" />
                <line number="65" hits="8" branch="False" />
                <line number="68" hits="8" branch="False" />
                <line number="69" hits="4" branch="True" condition-coverage="100% (2/2)">
                  <conditions>
                    <condition number="1303" type="jump" coverage="100%" />
                  </conditions>
                </line>
                <line number="70" hits="4" branch="False" />
                <line number="83" hits="4" branch="True" condition-coverage="50% (1/2)">
                  <conditions>
                    <condition number="1717" type="jump" coverage="50%" />
                  </conditions>
                </line>
                <line number="84" hits="0" branch="False" />
                <line number="88" hits="0" branch="False" />
                <line number="90" hits="4" branch="False" />
                <line number="106" hits="4" branch="False" />
                <line number="109" hits="4" branch="False" />
              </lines>
            </method>
            <method name="&lt;BuildRenderTree&gt;b__0_10" signature="()" line-rate="0" branch-rate="1" complexity="1">
              <lines>
                <line number="18" hits="0" branch="False" />
              </lines>
            </method>
            <method name="&lt;BuildRenderTree&gt;b__0_12" signature="()" line-rate="1" branch-rate="1" complexity="1">
              <lines>
                <line number="24" hits="3" branch="False" />
              </lines>
            </method>
            <method name="&lt;BuildRenderTree&gt;b__0_37" signature="()" line-rate="0" branch-rate="1" complexity="1">
              <lines>
                <line number="121" hits="0" branch="False" />
              </lines>
            </method>
            <method name="&lt;BuildRenderTree&gt;b__0_44" signature="()" line-rate="0" branch-rate="1" complexity="1">
              <lines>
                <line number="136" hits="0" branch="False" />
              </lines>
            </method>
            <method name=".ctor" signature="()" line-rate="1" branch-rate="1" complexity="1">
              <lines>
                <line number="142" hits="6" branch="False" />
                <line number="147" hits="6" branch="False" />
                <line number="148" hits="6" branch="False" />
                <line number="151" hits="6" branch="False" />
                <line number="152" hits="6" branch="False" />
                <line number="153" hits="6" branch="False" />
              </lines>
            </method>
          </methods>
          <lines>
            <line number="179" hits="2" branch="False" />
            <line number="180" hits="2" branch="False" />
            <line number="181" hits="2" branch="False" />
            <line number="182" hits="2" branch="False" />
            <line number="183" hits="2" branch="False" />
            <line number="186" hits="1" branch="False" />
            <line number="187" hits="1" branch="False" />
            <line number="188" hits="1" branch="False" />
            <line number="189" hits="1" branch="False" />
            <line number="190" hits="1" branch="False" />
            <line number="191" hits="1" branch="False" />
            <line number="30" hits="12" branch="True" condition-coverage="100% (6/6)">
              <conditions>
                <condition number="236" type="jump" coverage="100%" />
                <condition number="448" type="jump" coverage="100%" />
                <condition number="638" type="jump" coverage="100%" />
              </conditions>
            </line>
            <line number="31" hits="8" branch="False" />
            <line number="44" hits="8" branch="True" condition-coverage="50% (1/2)">
              <conditions>
                <condition number="1052" type="jump" coverage="50%" />
              </conditions>
            </line>
            <line number="45" hits="0" branch="False" />
            <line number="49" hits="0" branch="False" />
            <line number="51" hits="8" branch="False" />
            <line number="65" hits="8" branch="False" />
            <line number="68" hits="8" branch="False" />
            <line number="69" hits="4" branch="True" condition-coverage="100% (2/2)">
              <conditions>
                <condition number="1303" type="jump" coverage="100%" />
              </conditions>
            </line>
            <line number="70" hits="4" branch="False" />
            <line number="83" hits="4" branch="True" condition-coverage="50% (1/2)">
              <conditions>
                <condition number="1717" type="jump" coverage="50%" />
              </conditions>
            </line>
            <line number="84" hits="0" branch="False" />
            <line number="88" hits="0" branch="False" />
            <line number="90" hits="4" branch="False" />
            <line number="106" hits="4" branch="False" />
            <line number="109" hits="4" branch="False" />
            <line number="18" hits="0" branch="False" />
            <line number="24" hits="3" branch="False" />
            <line number="121" hits="0" branch="False" />
            <line number="136" hits="0" branch="False" />
            <line number="142" hits="6" branch="False" />
            <line number="147" hits="6" branch="False" />
            <line number="148" hits="6" branch="False" />
            <line number="151" hits="6" branch="False" />
            <line number="152" hits="6" branch="False" />
            <line number="153" hits="6" branch="False" />
          </lines>
        </class>
        <class name="WebApi.Pages.Dashboard/&lt;&gt;c__DisplayClass0_0" filename="Pages/Dashboard.razor" line-rate="1" branch-rate="1" complexity="4">
          <methods>
            <method name="&lt;BuildRenderTree&gt;b__24" signature="(Microsoft.AspNetCore.Components.Rendering.RenderTreeBuilder)" line-rate="1" branch-rate="1" complexity="2">
              <lines>
                <line number="58" hits="1" branch="True" condition-coverage="100% (2/2)">
                  <conditions>
                    <condition number="15" type="jump" coverage="100%" />
                  </conditions>
                </line>
                <line number="59" hits="1" branch="False" />
                <line number="62" hits="1" branch="False" />
              </lines>
            </method>
            <method name="&lt;BuildRenderTree&gt;b__25" signature="(Microsoft.AspNetCore.Components.Rendering.RenderTreeBuilder)" line-rate="1" branch-rate="1" complexity="1">
              <lines>
                <line number="60" hits="1" branch="False" />
              </lines>
            </method>
            <method name="&lt;BuildRenderTree&gt;b__26" signature="(Microsoft.AspNetCore.Components.Rendering.RenderTreeBuilder)" line-rate="1" branch-rate="1" complexity="1">
              <lines>
                <line number="61" hits="1" branch="False" />
              </lines>
            </method>
          </methods>
          <lines>
            <line number="58" hits="1" branch="True" condition-coverage="100% (2/2)">
              <conditions>
                <condition number="15" type="jump" coverage="100%" />
              </conditions>
            </line>
            <line number="59" hits="1" branch="False" />
            <line number="62" hits="1" branch="False" />
            <line number="60" hits="1" branch="False" />
            <line number="61" hits="1" branch="False" />
          </lines>
        </class>
        <class name="WebApi.Pages.Dashboard/&lt;&gt;c__DisplayClass0_1" filename="Pages/Dashboard.razor" line-rate="1" branch-rate="1" complexity="5">
          <methods>
            <method name="&lt;BuildRenderTree&gt;b__30" signature="(Microsoft.AspNetCore.Components.Rendering.RenderTreeBuilder)" line-rate="1" branch-rate="1" complexity="2">
              <lines>
                <line number="98" hits="1" branch="True" condition-coverage="100% (2/2)">
                  <conditions>
                    <condition number="15" type="jump" coverage="100%" />
                  </conditions>
                </line>
                <line number="99" hits="1" branch="False" />
                <line number="103" hits="1" branch="False" />
              </lines>
            </method>
            <method name="&lt;BuildRenderTree&gt;b__31" signature="(Microsoft.AspNetCore.Components.Rendering.RenderTreeBuilder)" line-rate="1" branch-rate="1" complexity="1">
              <lines>
                <line number="100" hits="1" branch="False" />
              </lines>
            </method>
            <method name="&lt;BuildRenderTree&gt;b__32" signature="(Microsoft.AspNetCore.Components.Rendering.RenderTreeBuilder)" line-rate="1" branch-rate="1" complexity="1">
              <lines>
                <line number="101" hits="1" branch="False" />
              </lines>
            </method>
            <method name="&lt;BuildRenderTree&gt;b__33" signature="(Microsoft.AspNetCore.Components.Rendering.RenderTreeBuilder)" line-rate="1" branch-rate="1" complexity="1">
              <lines>
                <line number="102" hits="1" branch="False" />
              </lines>
            </method>
          </methods>
          <lines>
            <line number="98" hits="1" branch="True" condition-coverage="100% (2/2)">
              <conditions>
                <condition number="15" type="jump" coverage="100%" />
              </conditions>
            </line>
            <line number="99" hits="1" branch="False" />
            <line number="103" hits="1" branch="False" />
            <line number="100" hits="1" branch="False" />
            <line number="101" hits="1" branch="False" />
            <line number="102" hits="1" branch="False" />
          </lines>
        </class>
        <class name="WebApi.Pages.Dashboard/&lt;LoadData&gt;d__12" filename="Pages/Dashboard.razor" line-rate="1" branch-rate="1" complexity="4">
          <methods>
            <method name="MoveNext" signature="()" line-rate="1" branch-rate="1" complexity="4">
              <lines>
                <line number="161" hits="9" branch="False" />
                <line number="162" hits="9" branch="True" condition-coverage="100% (2/2)">
                  <conditions>
                    <condition number="49" type="jump" coverage="100%" />
                  </conditions>
                </line>
                <line number="163" hits="6" branch="False" />
                <line number="164" hits="6" branch="False" />
                <line number="165" hits="6" branch="False" />
                <line number="166" hits="3" branch="True" condition-coverage="100% (2/2)">
                  <conditions>
                    <condition number="231" type="jump" coverage="100%" />
                  </conditions>
                </line>
                <line number="167" hits="3" branch="False" />
                <line number="168" hits="3" branch="False" />
                <line number="169" hits="3" branch="False" />
                <line number="170" hits="9" branch="False" />
              </lines>
            </method>
          </methods>
          <lines>
            <line number="161" hits="9" branch="False" />
            <line number="162" hits="9" branch="True" condition-coverage="100% (2/2)">
              <conditions>
                <condition number="49" type="jump" coverage="100%" />
              </conditions>
            </line>
            <line number="163" hits="6" branch="False" />
            <line number="164" hits="6" branch="False" />
            <line number="165" hits="6" branch="False" />
            <line number="166" hits="3" branch="True" condition-coverage="100% (2/2)">
              <conditions>
                <condition number="231" type="jump" coverage="100%" />
              </conditions>
            </line>
            <line number="167" hits="3" branch="False" />
            <line number="168" hits="3" branch="False" />
            <line number="169" hits="3" branch="False" />
            <line number="170" hits="9" branch="False" />
          </lines>
        </class>
        <class name="WebApi.Pages.Dashboard/&lt;OnInitializedAsync&gt;d__11" filename="Pages/Dashboard.razor" line-rate="1" branch-rate="1" complexity="1">
          <methods>
            <method name="MoveNext" signature="()" line-rate="1" branch-rate="1" complexity="1">
              <lines>
                <line number="156" hits="6" branch="False" />
                <line number="157" hits="6" branch="False" />
                <line number="158" hits="6" branch="False" />
              </lines>
            </method>
          </methods>
          <lines>
            <line number="156" hits="6" branch="False" />
            <line number="157" hits="6" branch="False" />
            <line number="158" hits="6" branch="False" />
          </lines>
        </class>
        <class name="WebApi.Pages.Dashboard/&lt;SetActiveTab&gt;d__13" filename="Pages/Dashboard.razor" line-rate="1" branch-rate="1" complexity="1">
          <methods>
            <method name="MoveNext" signature="()" line-rate="1" branch-rate="1" complexity="1">
              <lines>
                <line number="173" hits="3" branch="False" />
                <line number="174" hits="3" branch="False" />
                <line number="175" hits="3" branch="False" />
                <line number="176" hits="3" branch="False" />
              </lines>
            </method>
          </methods>
          <lines>
            <line number="173" hits="3" branch="False" />
            <line number="174" hits="3" branch="False" />
            <line number="175" hits="3" branch="False" />
            <line number="176" hits="3" branch="False" />
          </lines>
        </class>
        <class name="WebApi.Pages.Dashboard/&lt;SubmitNewBusiness&gt;d__16" filename="Pages/Dashboard.razor" line-rate="0" branch-rate="0" complexity="2">
          <methods>
            <method name="MoveNext" signature="()" line-rate="0" branch-rate="0" complexity="2">
              <lines>
                <line number="194" hits="0" branch="False" />
                <line number="195" hits="0" branch="True" condition-coverage="0% (0/2)">
                  <conditions>
                    <condition number="44" type="jump" coverage="0%" />
                  </conditions>
                </line>
                <line number="198" hits="0" branch="False" />
                <line number="200" hits="0" branch="False" />
                <line number="202" hits="0" branch="False" />
                <line number="203" hits="0" branch="False" />
                <line number="204" hits="0" branch="False" />
                <line number="205" hits="0" branch="False" />
              </lines>
            </method>
          </methods>
          <lines>
            <line number="194" hits="0" branch="False" />
            <line number="195" hits="0" branch="True" condition-coverage="0% (0/2)">
              <conditions>
                <condition number="44" type="jump" coverage="0%" />
              </conditions>
            </line>
            <line number="198" hits="0" branch="False" />
            <line number="200" hits="0" branch="False" />
            <line number="202" hits="0" branch="False" />
            <line number="203" hits="0" branch="False" />
            <line number="204" hits="0" branch="False" />
            <line number="205" hits="0" branch="False" />
          </lines>
        </class>
        <class name="WebApi.Pages.Dashboard/&lt;SubmitNewClient&gt;d__17" filename="Pages/Dashboard.razor" line-rate="0" branch-rate="0" complexity="2">
          <methods>
            <method name="MoveNext" signature="()" line-rate="0" branch-rate="0" complexity="2">
              <lines>
                <line number="208" hits="0" branch="False" />
                <line number="209" hits="0" branch="True" condition-coverage="0% (0/2)">
                  <conditions>
                    <condition number="47" type="jump" coverage="0%" />
                  </conditions>
                </line>
                <line number="212" hits="0" branch="False" />
                <line number="214" hits="0" branch="False" />
                <line number="215" hits="0" branch="False" />
                <line number="216" hits="0" branch="False" />
                <line number="217" hits="0" branch="False" />
              </lines>
            </method>
          </methods>
          <lines>
            <line number="208" hits="0" branch="False" />
            <line number="209" hits="0" branch="True" condition-coverage="0% (0/2)">
              <conditions>
                <condition number="47" type="jump" coverage="0%" />
              </conditions>
            </line>
            <line number="212" hits="0" branch="False" />
            <line number="214" hits="0" branch="False" />
            <line number="215" hits="0" branch="False" />
            <line number="216" hits="0" branch="False" />
            <line number="217" hits="0" branch="False" />
          </lines>
        </class>
        <class name="WebApi.Pages.Home" filename="Pages/Home.razor" line-rate="1" branch-rate="1" complexity="2">
          <methods>
            <method name="&lt;BuildRenderTree&gt;b__0_8" signature="()" line-rate="1" branch-rate="1" complexity="1">
              <lines>
                <line number="22" hits="1" branch="False" />
              </lines>
            </method>
            <method name="&lt;BuildRenderTree&gt;b__0_10" signature="()" line-rate="1" branch-rate="1" complexity="1">
              <lines>
                <line number="27" hits="1" branch="False" />
              </lines>
            </method>
          </methods>
          <lines>
            <line number="22" hits="1" branch="False" />
            <line number="27" hits="1" branch="False" />
          </lines>
        </class>
        <class name="WebApi.Pages.Home/&lt;OnInitializedAsync&gt;d__1" filename="Pages/Home.razor" line-rate="1" branch-rate="1" complexity="2">
          <methods>
            <method name="MoveNext" signature="()" line-rate="1" branch-rate="1" complexity="2">
              <lines>
                <line number="75" hits="4" branch="False" />
                <line number="76" hits="4" branch="False" />
                <line number="77" hits="4" branch="True" condition-coverage="100% (2/2)">
                  <conditions>
                    <condition number="185" type="jump" coverage="100%" />
                  </conditions>
                </line>
                <line number="78" hits="1" branch="False" />
                <line number="79" hits="1" branch="False" />
                <line number="80" hits="1" branch="False" />
                <line number="81" hits="4" branch="False" />
              </lines>
            </method>
          </methods>
          <lines>
            <line number="75" hits="4" branch="False" />
            <line number="76" hits="4" branch="False" />
            <line number="77" hits="4" branch="True" condition-coverage="100% (2/2)">
              <conditions>
                <condition number="185" type="jump" coverage="100%" />
              </conditions>
            </line>
            <line number="78" hits="1" branch="False" />
            <line number="79" hits="1" branch="False" />
            <line number="80" hits="1" branch="False" />
            <line number="81" hits="4" branch="False" />
          </lines>
        </class>
        <class name="WebApi.Pages.Login" filename="Pages/Login.razor" line-rate="0.875" branch-rate="0.5" complexity="5">
          <methods>
            <method name="ParseBase64WithoutPadding" signature="(System.String)" line-rate="0.8571" branch-rate="0.5" complexity="4">
              <lines>
                <line number="72" hits="1" branch="False" />
                <line number="73" hits="1" branch="False" />
                <line number="74" hits="1" branch="True" condition-coverage="50% (2/4)">
                  <conditions>
                    <condition number="35" type="jump" coverage="50%" />
                    <condition number="41" type="jump" coverage="50%" />
                  </conditions>
                </line>
                <line number="76" hits="2" branch="False" />
                <line number="77" hits="0" branch="False" />
                <line number="79" hits="1" branch="False" />
                <line number="80" hits="1" branch="False" />
              </lines>
            </method>
            <method name=".ctor" signature="()" line-rate="1" branch-rate="1" complexity="1">
              <lines>
                <line number="39" hits="3" branch="False" />
              </lines>
            </method>
          </methods>
          <lines>
            <line number="72" hits="1" branch="False" />
            <line number="73" hits="1" branch="False" />
            <line number="74" hits="1" branch="True" condition-coverage="50% (2/4)">
              <conditions>
                <condition number="35" type="jump" coverage="50%" />
                <condition number="41" type="jump" coverage="50%" />
              </conditions>
            </line>
            <line number="76" hits="2" branch="False" />
            <line number="77" hits="0" branch="False" />
            <line number="79" hits="1" branch="False" />
            <line number="80" hits="1" branch="False" />
            <line number="39" hits="3" branch="False" />
          </lines>
        </class>
        <class name="WebApi.Pages.Login/&lt;LoginUser&gt;d__3" filename="Pages/Login.razor" line-rate="1" branch-rate="0.8332999999999999" complexity="6">
          <methods>
            <method name="MoveNext" signature="()" line-rate="1" branch-rate="0.8332999999999999" complexity="6">
              <lines>
                <line number="51" hits="1" branch="False" />
                <line number="52" hits="1" branch="False" />
                <line number="53" hits="1" branch="True" condition-coverage="100% (2/2)">
                  <conditions>
                    <condition number="218" type="jump" coverage="100%" />
                  </conditions>
                </line>
                <line number="54" hits="1" branch="False" />
                <line number="55" hits="1" branch="False" />
                <line number="57" hits="1" branch="False" />
                <line number="58" hits="1" branch="False" />
                <line number="59" hits="1" branch="False" />
                <line number="61" hits="1" branch="True" condition-coverage="100% (2/2)">
                  <conditions>
                    <condition number="446" type="jump" coverage="100%" />
                  </conditions>
                </line>
                <line number="62" hits="1" branch="False" />
                <line number="63" hits="1" branch="True" condition-coverage="50% (1/2)">
                  <conditions>
                    <condition number="475" type="jump" coverage="50%" />
                  </conditions>
                </line>
                <line number="64" hits="1" branch="False" />
                <line number="66" hits="1" branch="False" />
                <line number="67" hits="1" branch="False" />
                <line number="68" hits="1" branch="False" />
                <line number="69" hits="1" branch="False" />
              </lines>
            </method>
          </methods>
          <lines>
            <line number="51" hits="1" branch="False" />
            <line number="52" hits="1" branch="False" />
            <line number="53" hits="1" branch="True" condition-coverage="100% (2/2)">
              <conditions>
                <condition number="218" type="jump" coverage="100%" />
              </conditions>
            </line>
            <line number="54" hits="1" branch="False" />
            <line number="55" hits="1" branch="False" />
            <line number="57" hits="1" branch="False" />
            <line number="58" hits="1" branch="False" />
            <line number="59" hits="1" branch="False" />
            <line number="61" hits="1" branch="True" condition-coverage="100% (2/2)">
              <conditions>
                <condition number="446" type="jump" coverage="100%" />
              </conditions>
            </line>
            <line number="62" hits="1" branch="False" />
            <line number="63" hits="1" branch="True" condition-coverage="50% (1/2)">
              <conditions>
                <condition number="475" type="jump" coverage="50%" />
              </conditions>
            </line>
            <line number="64" hits="1" branch="False" />
            <line number="66" hits="1" branch="False" />
            <line number="67" hits="1" branch="False" />
            <line number="68" hits="1" branch="False" />
            <line number="69" hits="1" branch="False" />
          </lines>
        </class>
        <class name="WebApi.Pages.Login/&lt;OnInitializedAsync&gt;d__2" filename="Pages/Login.razor" line-rate="1" branch-rate="1" complexity="2">
          <methods>
            <method name="MoveNext" signature="()" line-rate="1" branch-rate="1" complexity="2">
              <lines>
                <line number="42" hits="3" branch="False" />
                <line number="43" hits="3" branch="False" />
                <line number="44" hits="3" branch="True" condition-coverage="100% (2/2)">
                  <conditions>
                    <condition number="185" type="jump" coverage="100%" />
                  </conditions>
                </line>
                <line number="45" hits="1" branch="False" />
                <line number="46" hits="1" branch="False" />
                <line number="47" hits="1" branch="False" />
                <line number="48" hits="3" branch="False" />
              </lines>
            </method>
          </methods>
          <lines>
            <line number="42" hits="3" branch="False" />
            <line number="43" hits="3" branch="False" />
            <line number="44" hits="3" branch="True" condition-coverage="100% (2/2)">
              <conditions>
                <condition number="185" type="jump" coverage="100%" />
              </conditions>
            </line>
            <line number="45" hits="1" branch="False" />
            <line number="46" hits="1" branch="False" />
            <line number="47" hits="1" branch="False" />
            <line number="48" hits="3" branch="False" />
          </lines>
        </class>
        <class name="WebApi.Pages.Register" filename="Pages/Register.razor" line-rate="0.8181" branch-rate="0.75" complexity="6">
          <methods>
            <method name="&lt;BuildRenderTree&gt;b__0_0" signature="(Microsoft.AspNetCore.Components.Rendering.RenderTreeBuilder)" line-rate="1" branch-rate="1" complexity="2">
              <lines>
                <line number="64" hits="12" branch="True" condition-coverage="100% (2/2)">
                  <conditions>
                    <condition number="1056" type="jump" coverage="100%" />
                  </conditions>
                </line>
                <line number="65" hits="1" branch="False" />
                <line number="67" hits="1" branch="False" />
              </lines>
            </method>
            <method name="&lt;BuildRenderTree&gt;b__0_9" signature="(Microsoft.AspNetCore.Components.Rendering.RenderTreeBuilder)" line-rate="0.3333" branch-rate="0.5" complexity="2">
              <lines>
                <line number="58" hits="48" branch="True" condition-coverage="50% (1/2)">
                  <conditions>
                    <condition number="126" type="jump" coverage="50%" />
                  </conditions>
                </line>
                <line number="59" hits="0" branch="False" />
                <line number="61" hits="0" branch="False" />
              </lines>
            </method>
            <method name="&lt;BuildRenderTree&gt;b__0_10" signature="(Microsoft.AspNetCore.Components.Rendering.RenderTreeBuilder)" line-rate="1" branch-rate="1" complexity="1">
              <lines>
                <line number="66" hits="1" branch="False" />
              </lines>
            </method>
            <method name=".ctor" signature="()" line-rate="1" branch-rate="1" complexity="1">
              <lines>
                <line number="78" hits="4" branch="False" />
                <line number="80" hits="4" branch="False" />
                <line number="81" hits="4" branch="False" />
                <line number="83" hits="4" branch="False" />
              </lines>
            </method>
          </methods>
          <lines>
            <line number="64" hits="12" branch="True" condition-coverage="100% (2/2)">
              <conditions>
                <condition number="1056" type="jump" coverage="100%" />
              </conditions>
            </line>
            <line number="65" hits="1" branch="False" />
            <line number="67" hits="1" branch="False" />
            <line number="58" hits="48" branch="True" condition-coverage="50% (1/2)">
              <conditions>
                <condition number="126" type="jump" coverage="50%" />
              </conditions>
            </line>
            <line number="59" hits="0" branch="False" />
            <line number="61" hits="0" branch="False" />
            <line number="66" hits="1" branch="False" />
            <line number="78" hits="4" branch="False" />
            <line number="80" hits="4" branch="False" />
            <line number="81" hits="4" branch="False" />
            <line number="83" hits="4" branch="False" />
          </lines>
        </class>
        <class name="WebApi.Pages.Register/&lt;&gt;c__DisplayClass0_0" filename="Pages/Register.razor" line-rate="0" branch-rate="1" complexity="1">
          <methods>
            <method name="&lt;BuildRenderTree&gt;b__15" signature="(Microsoft.AspNetCore.Components.Rendering.RenderTreeBuilder)" line-rate="0" branch-rate="1" complexity="1">
              <lines>
                <line number="60" hits="0" branch="False" />
              </lines>
            </method>
          </methods>
          <lines>
            <line number="60" hits="0" branch="False" />
          </lines>
        </class>
        <class name="WebApi.Pages.Register/&lt;OnInitializedAsync&gt;d__6" filename="Pages/Register.razor" line-rate="1" branch-rate="1" complexity="2">
          <methods>
            <method name="MoveNext" signature="()" line-rate="1" branch-rate="1" complexity="2">
              <lines>
                <line number="86" hits="4" branch="False" />
                <line number="87" hits="4" branch="False" />
                <line number="88" hits="4" branch="True" condition-coverage="100% (2/2)">
                  <conditions>
                    <condition number="196" type="jump" coverage="100%" />
                  </conditions>
                </line>
                <line number="89" hits="1" branch="False" />
                <line number="90" hits="1" branch="False" />
                <line number="91" hits="1" branch="False" />
                <line number="94" hits="3" branch="False" />
                <line number="95" hits="4" branch="False" />
              </lines>
            </method>
          </methods>
          <lines>
            <line number="86" hits="4" branch="False" />
            <line number="87" hits="4" branch="False" />
            <line number="88" hits="4" branch="True" condition-coverage="100% (2/2)">
              <conditions>
                <condition number="196" type="jump" coverage="100%" />
              </conditions>
            </line>
            <line number="89" hits="1" branch="False" />
            <line number="90" hits="1" branch="False" />
            <line number="91" hits="1" branch="False" />
            <line number="94" hits="3" branch="False" />
            <line number="95" hits="4" branch="False" />
          </lines>
        </class>
        <class name="WebApi.Pages.Register/&lt;RegisterUser&gt;d__7" filename="Pages/Register.razor" line-rate="1" branch-rate="0.75" complexity="4">
          <methods>
            <method name="MoveNext" signature="()" line-rate="1" branch-rate="0.75" complexity="4">
              <lines>
                <line number="98" hits="2" branch="False" />
                <line number="99" hits="2" branch="False" />
                <line number="101" hits="2" branch="True" condition-coverage="100% (2/2)">
                  <conditions>
                    <condition number="68" type="jump" coverage="100%" />
                  </conditions>
                </line>
                <line number="102" hits="1" branch="False" />
                <line number="103" hits="1" branch="False" />
                <line number="104" hits="1" branch="False" />
                <line number="107" hits="1" branch="True" condition-coverage="50% (1/2)">
                  <conditions>
                    <condition number="151" type="jump" coverage="50%" />
                  </conditions>
                </line>
                <line number="108" hits="1" branch="False" />
                <line number="109" hits="1" branch="False" />
                <line number="110" hits="1" branch="False" />
                <line number="111" hits="1" branch="False" />
                <line number="112" hits="1" branch="False" />
                <line number="113" hits="1" branch="False" />
                <line number="114" hits="1" branch="False" />
                <line number="115" hits="1" branch="False" />
                <line number="116" hits="2" branch="False" />
              </lines>
            </method>
          </methods>
          <lines>
            <line number="98" hits="2" branch="False" />
            <line number="99" hits="2" branch="False" />
            <line number="101" hits="2" branch="True" condition-coverage="100% (2/2)">
              <conditions>
                <condition number="68" type="jump" coverage="100%" />
              </conditions>
            </line>
            <line number="102" hits="1" branch="False" />
            <line number="103" hits="1" branch="False" />
            <line number="104" hits="1" branch="False" />
            <line number="107" hits="1" branch="True" condition-coverage="50% (1/2)">
              <conditions>
                <condition number="151" type="jump" coverage="50%" />
              </conditions>
            </line>
            <line number="108" hits="1" branch="False" />
            <line number="109" hits="1" branch="False" />
            <line number="110" hits="1" branch="False" />
            <line number="111" hits="1" branch="False" />
            <line number="112" hits="1" branch="False" />
            <line number="113" hits="1" branch="False" />
            <line number="114" hits="1" branch="False" />
            <line number="115" hits="1" branch="False" />
            <line number="116" hits="2" branch="False" />
          </lines>
        </class>
        <class name="WebApi.Pages.Reply" filename="Pages/Reply.razor" line-rate="1" branch-rate="1" complexity="11">
          <methods>
            <method name="get_ReviewId" signature="()" line-rate="1" branch-rate="1" complexity="1">
              <lines>
                <line number="64" hits="4" branch="False" />
              </lines>
            </method>
            <method name="get_ClientId" signature="()" line-rate="1" branch-rate="1" complexity="1">
              <lines>
                <line number="67" hits="5" branch="False" />
              </lines>
            </method>
            <method name="get_RawText" signature="()" line-rate="1" branch-rate="1" complexity="1">
              <lines>
                <line number="70" hits="14" branch="False" />
              </lines>
            </method>
            <method name="get_ClientName" signature="()" line-rate="1" branch-rate="1" complexity="1">
              <lines>
                <line number="73" hits="14" branch="False" />
              </lines>
            </method>
            <method name="get_Sentiment" signature="()" line-rate="1" branch-rate="1" complexity="1">
              <lines>
                <line number="76" hits="14" branch="False" />
              </lines>
            </method>
            <method name="&lt;BuildRenderTree&gt;b__0_3" signature="(Microsoft.AspNetCore.Components.Rendering.RenderTreeBuilder)" line-rate="1" branch-rate="1" complexity="1">
              <lines>
                <line number="20" hits="5" branch="False" />
              </lines>
            </method>
            <method name="&lt;BuildRenderTree&gt;b__0_4" signature="(Microsoft.AspNetCore.Components.Rendering.RenderTreeBuilder)" line-rate="1" branch-rate="1" complexity="1">
              <lines>
                <line number="22" hits="5" branch="False" />
              </lines>
            </method>
            <method name="&lt;BuildRenderTree&gt;b__0_5" signature="(Microsoft.AspNetCore.Components.Rendering.RenderTreeBuilder)" line-rate="1" branch-rate="1" complexity="1">
              <lines>
                <line number="24" hits="5" branch="False" />
              </lines>
            </method>
            <method name="&lt;BuildRenderTree&gt;b__0_8" signature="(Microsoft.AspNetCore.Components.Rendering.RenderTreeBuilder)" line-rate="1" branch-rate="1" complexity="2">
              <lines>
                <line number="35" hits="6" branch="True" condition-coverage="100% (2/2)">
                  <conditions>
                    <condition number="55" type="jump" coverage="100%" />
                  </conditions>
                </line>
                <line number="36" hits="1" branch="False" />
                <line number="41" hits="1" branch="False" />
                <line number="43" hits="5" branch="False" />
                <line number="56" hits="5" branch="False" />
              </lines>
            </method>
            <method name=".ctor" signature="()" line-rate="1" branch-rate="1" complexity="1">
              <lines>
                <line number="78" hits="3" branch="False" />
                <line number="79" hits="3" branch="False" />
              </lines>
            </method>
          </methods>
          <lines>
            <line number="64" hits="4" branch="False" />
            <line number="67" hits="5" branch="False" />
            <line number="70" hits="14" branch="False" />
            <line number="73" hits="14" branch="False" />
            <line number="76" hits="14" branch="False" />
            <line number="20" hits="5" branch="False" />
            <line number="22" hits="5" branch="False" />
            <line number="24" hits="5" branch="False" />
            <line number="35" hits="6" branch="True" condition-coverage="100% (2/2)">
              <conditions>
                <condition number="55" type="jump" coverage="100%" />
              </conditions>
            </line>
            <line number="36" hits="1" branch="False" />
            <line number="41" hits="1" branch="False" />
            <line number="43" hits="5" branch="False" />
            <line number="56" hits="5" branch="False" />
            <line number="78" hits="3" branch="False" />
            <line number="79" hits="3" branch="False" />
          </lines>
        </class>
        <class name="WebApi.Pages.Reply/ReplyInput" filename="Pages/Reply.razor" line-rate="1" branch-rate="1" complexity="1">
          <methods>
            <method name="get_RawText" signature="()" line-rate="1" branch-rate="1" complexity="1">
              <lines>
                <line number="122" hits="23" branch="False" />
              </lines>
            </method>
          </methods>
          <lines>
            <line number="122" hits="23" branch="False" />
          </lines>
        </class>
        <class name="WebApi.Pages.Reply/GenerateReply" filename="Pages/Reply.razor" line-rate="0" branch-rate="1" complexity="3">
          <methods>
            <method name="get_RawText" signature="()" line-rate="0" branch-rate="1" complexity="1">
              <lines>
                <line number="127" hits="0" branch="False" />
              </lines>
            </method>
            <method name="get_CustomerName" signature="()" line-rate="0" branch-rate="1" complexity="1">
              <lines>
                <line number="128" hits="0" branch="False" />
              </lines>
            </method>
            <method name="get_Sentiment" signature="()" line-rate="0" branch-rate="1" complexity="1">
              <lines>
                <line number="129" hits="0" branch="False" />
              </lines>
            </method>
          </methods>
          <lines>
            <line number="127" hits="0" branch="False" />
            <line number="128" hits="0" branch="False" />
            <line number="129" hits="0" branch="False" />
          </lines>
        </class>
        <class name="WebApi.Pages.Reply/&lt;OnInitializedAsync&gt;d__23" filename="Pages/Reply.razor" line-rate="0.8461" branch-rate="1" complexity="8">
          <methods>
            <method name="MoveNext" signature="()" line-rate="0.8461" branch-rate="1" complexity="8">
              <lines>
                <line number="82" hits="3" branch="True" condition-coverage="100% (2/2)">
                  <conditions>
                    <condition number="16" type="jump" coverage="100%" />
                  </conditions>
                </line>
                <line number="83" hits="3" branch="False" />
                <line number="84" hits="3" branch="True" condition-coverage="100% (2/2)">
                  <conditions>
                    <condition number="195" type="jump" coverage="100%" />
                  </conditions>
                </line>
                <line number="85" hits="1" branch="False" />
                <line number="86" hits="1" branch="False" />
                <line number="87" hits="1" branch="False" />
                <line number="91" hits="2" branch="False" />
                <line number="92" hits="2" branch="False" />
                <line number="93" hits="2" branch="False" />
                <line number="94" hits="2" branch="True" condition-coverage="100% (2/2)">
                  <conditions>
                    <condition number="465" type="jump" coverage="100%" />
                  </conditions>
                </line>
                <line number="95" hits="2" branch="False" />
                <line number="96" hits="2" branch="False" />
                <line number="97" hits="2" branch="True" condition-coverage="100% (2/2)">
                  <conditions>
                    <condition number="627" type="jump" coverage="100%" />
                  </conditions>
                </line>
                <line number="98" hits="2" branch="False" />
                <line number="99" hits="2" branch="False" />
                <line number="100" hits="2" branch="False" />
                <line number="101" hits="2" branch="False" />
                <line number="102" hits="2" branch="False" />
                <line number="103" hits="0" branch="False" />
                <line number="104" hits="0" branch="False" />
                <line number="105" hits="0" branch="False" />
                <line number="106" hits="0" branch="False" />
                <line number="108" hits="2" branch="False" />
                <line number="109" hits="2" branch="False" />
                <line number="110" hits="2" branch="False" />
                <line number="111" hits="3" branch="False" />
              </lines>
            </method>
          </methods>
          <lines>
            <line number="82" hits="3" branch="True" condition-coverage="100% (2/2)">
              <conditions>
                <condition number="16" type="jump" coverage="100%" />
              </conditions>
            </line>
            <line number="83" hits="3" branch="False" />
            <line number="84" hits="3" branch="True" condition-coverage="100% (2/2)">
              <conditions>
                <condition number="195" type="jump" coverage="100%" />
              </conditions>
            </line>
            <line number="85" hits="1" branch="False" />
            <line number="86" hits="1" branch="False" />
            <line number="87" hits="1" branch="False" />
            <line number="91" hits="2" branch="False" />
            <line number="92" hits="2" branch="False" />
            <line number="93" hits="2" branch="False" />
            <line number="94" hits="2" branch="True" condition-coverage="100% (2/2)">
              <conditions>
                <condition number="465" type="jump" coverage="100%" />
              </conditions>
            </line>
            <line number="95" hits="2" branch="False" />
            <line number="96" hits="2" branch="False" />
            <line number="97" hits="2" branch="True" condition-coverage="100% (2/2)">
              <conditions>
                <condition number="627" type="jump" coverage="100%" />
              </conditions>
            </line>
            <line number="98" hits="2" branch="False" />
            <line number="99" hits="2" branch="False" />
            <line number="100" hits="2" branch="False" />
            <line number="101" hits="2" branch="False" />
            <line number="102" hits="2" branch="False" />
            <line number="103" hits="0" branch="False" />
            <line number="104" hits="0" branch="False" />
            <line number="105" hits="0" branch="False" />
            <line number="106" hits="0" branch="False" />
            <line number="108" hits="2" branch="False" />
            <line number="109" hits="2" branch="False" />
            <line number="110" hits="2" branch="False" />
            <line number="111" hits="3" branch="False" />
          </lines>
        </class>
        <class name="WebApi.Pages.Reply/&lt;SubmitReply&gt;d__24" filename="Pages/Reply.razor" line-rate="1" branch-rate="1" complexity="1">
          <methods>
            <method name="MoveNext" signature="()" line-rate="1" branch-rate="1" complexity="1">
              <lines>
                <line number="114" hits="1" branch="False" />
                <line number="115" hits="1" branch="False" />
                <line number="116" hits="1" branch="False" />
                <line number="117" hits="1" branch="False" />
              </lines>
            </method>
          </methods>
          <lines>
            <line number="114" hits="1" branch="False" />
            <line number="115" hits="1" branch="False" />
            <line number="116" hits="1" branch="False" />
            <line number="117" hits="1" branch="False" />
          </lines>
        </class>
        <class name="WebApi.Pages.Reviews" filename="Pages/Reviews.razor" line-rate="0.6933" branch-rate="0.41659999999999997" complexity="44">
          <methods>
            <method name="get__pageCount" signature="()" line-rate="1" branch-rate="1" complexity="1">
              <lines>
                <line number="145" hits="1" branch="False" />
              </lines>
            </method>
            <method name="UpdatePagedList" signature="()" line-rate="1" branch-rate="1" complexity="1">
              <lines>
                <line number="203" hits="2" branch="False" />
                <line number="204" hits="2" branch="False" />
                <line number="205" hits="2" branch="False" />
                <line number="206" hits="2" branch="False" />
                <line number="207" hits="2" branch="False" />
                <line number="208" hits="2" branch="False" />
                <line number="209" hits="2" branch="False" />
[...]
          </lines>
        </class>
        <class name="WebApi.Models.ReviewDto" filename="Models/ReviewDto.cs" line-rate="1" branch-rate="1" complexity="9">
          <methods>
            <method name="get_Id" signature="()" line-rate="1" branch-rate="1" complexity="1">
              <lines>
                <line number="4" hits="12" branch="False" />
              </lines>
            </method>
            <method name="get_ClientId" signature="()" line-rate="1" branch-rate="1" complexity="1">
              <lines>
                <line number="5" hits="17" branch="False" />
              </lines>
            </method>
            <method name="get_Review" signature="()" line-rate="1" branch-rate="1" complexity="1">
              <lines>
                <line number="6" hits="4" branch="False" />
              </lines>
            </method>
            <method name="get_RatingType" signature="()" line-rate="1" branch-rate="1" complexity="1">
              <lines>
                <line number="7" hits="4" branch="False" />
              </lines>
            </method>
            <method name="get_RawText" signature="()" line-rate="1" branch-rate="1" complexity="1">
              <lines>
                <line number="8" hits="7" branch="False" />
              </lines>
            </method>
            <method name="get_SubmittedOn" signature="()" line-rate="1" branch-rate="1" complexity="1">
              <lines>
                <line number="9" hits="6" branch="False" />
              </lines>
            </method>
            <method name="get_SentimentLabel" signature="()" line-rate="1" branch-rate="1" complexity="1">
              <lines>
                <line number="10" hits="10" branch="False" />
              </lines>
            </method>
            <method name="get_SentimentAccuracy" signature="()" line-rate="1" branch-rate="1" complexity="1">
              <lines>
                <line number="11" hits="2" branch="False" />
              </lines>
            </method>
            <method name=".ctor" signature="(System.Guid,System.Guid,System.Decimal,System.String,System.String,System.String,System.String,System.Double)" line-rate="1" branch-rate="1" complexity="1">
              <lines>
                <line number="3" hits="9" branch="False" />
                <line number="12" hits="9" branch="False" />
              </lines>
            </method>
          </methods>
          <lines>
            <line number="4" hits="12" branch="False" />
            <line number="5" hits="17" branch="False" />
            <line number="6" hits="4" branch="False" />
            <line number="7" hits="4" branch="False" />
            <line number="8" hits="7" branch="False" />
            <line number="9" hits="6" branch="False" />
            <line number="10" hits="10" branch="False" />
            <line number="11" hits="2" branch="False" />
            <line number="3" hits="9" branch="False" />
            <line number="12" hits="9" branch="False" />
          </lines>
        </class>
        <class name="WebApi.Models.TokenDto" filename="Models/TokenDto.cs" line-rate="0" branch-rate="1" complexity="1">
          <methods>
            <method name="get_Token" signature="()" line-rate="0" branch-rate="1" complexity="1">
              <lines>
                <line number="5" hits="0" branch="False" />
              </lines>
            </method>
          </methods>
          <lines>
            <line number="5" hits="0" branch="False" />
          </lines>
        </class>
        <class name="WebApi.Models.UserDto" filename="Models/UserDto.cs" line-rate="1" branch-rate="1" complexity="8">
          <methods>
            <method name="get_Id" signature="()" line-rate="1" branch-rate="1" complexity="1">
              <lines>
                <line number="4" hits="1" branch="False" />
              </lines>
            </method>
            <method name="get_BusinessId" signature="()" line-rate="1" branch-rate="1" complexity="1">
              <lines>
                <line number="5" hits="1" branch="False" />
              </lines>
            </method>
            <method name="get_Username" signature="()" line-rate="1" branch-rate="1" complexity="1">
              <lines>
                <line number="6" hits="1" branch="False" />
              </lines>
            </method>
            <method name="get_Email" signature="()" line-rate="1" branch-rate="1" complexity="1">
              <lines>
                <line number="7" hits="3" branch="False" />
              </lines>
            </method>
            <method name="get_Password" signature="()" line-rate="1" branch-rate="1" complexity="1">
              <lines>
                <line number="8" hits="1" branch="False" />
              </lines>
            </method>
            <method name="get_UserRole" signature="()" line-rate="1" branch-rate="1" complexity="1">
              <lines>
                <line number="9" hits="1" branch="False" />
              </lines>
            </method>
            <method name="get_CreatedAt" signature="()" line-rate="1" branch-rate="1" complexity="1">
              <lines>
                <line number="10" hits="1" branch="False" />
              </lines>
            </method>
            <method name=".ctor" signature="(System.Guid,System.Guid,System.String,System.String,System.String,System.Int32,System.DateTime)" line-rate="1" branch-rate="1" complexity="1">
              <lines>
                <line number="3" hits="2" branch="False" />
                <line number="11" hits="2" branch="False" />
              </lines>
            </method>
          </methods>
          <lines>
            <line number="4" hits="1" branch="False" />
            <line number="5" hits="1" branch="False" />
            <line number="6" hits="1" branch="False" />
            <line number="7" hits="3" branch="False" />
            <line number="8" hits="1" branch="False" />
            <line number="9" hits="1" branch="False" />
            <line number="10" hits="1" branch="False" />
            <line number="3" hits="2" branch="False" />
            <line number="11" hits="2" branch="False" />
          </lines>
        </class>
        <class name="WebApi.Models.Responses.AddBusinessResponse" filename="Models/Responses/AddBusinessResponse.cs" line-rate="1" branch-rate="1" complexity="2">
          <methods>
            <method name="get_Id" signature="()" line-rate="1" branch-rate="1" complexity="1">
              <lines>
                <line number="4" hits="2" branch="False" />
              </lines>
            </method>
            <method name=".ctor" signature="(System.Guid)" line-rate="1" branch-rate="1" complexity="1">
              <lines>
                <line number="3" hits="2" branch="False" />
                <line number="5" hits="2" branch="False" />
              </lines>
            </method>
          </methods>
          <lines>
            <line number="4" hits="2" branch="False" />
            <line number="3" hits="2" branch="False" />
            <line number="5" hits="2" branch="False" />
          </lines>
        </class>
        <class name="WebApi.Models.Responses.AiStatisticsResponse" filename="Models/Responses/AiStatisticsResponse.cs" line-rate="1" branch-rate="1" complexity="3">
          <methods>
            <method name="get_Ratings" signature="()" line-rate="1" branch-rate="1" complexity="1">
              <lines>
                <line number="8" hits="4" branch="False" />
              </lines>
            </method>
            <method name="get_Clients" signature="()" line-rate="1" branch-rate="1" complexity="1">
              <lines>
                <line number="11" hits="15" branch="False" />
              </lines>
            </method>
            <method name="get_Sentiments" signature="()" line-rate="1" branch-rate="1" complexity="1">
              <lines>
                <line number="14" hits="4" branch="False" />
              </lines>
            </method>
          </methods>
          <lines>
            <line number="8" hits="4" branch="False" />
            <line number="11" hits="15" branch="False" />
            <line number="14" hits="4" branch="False" />
          </lines>
        </class>
        <class name="WebApi.Models.Responses.ChartData" filename="Models/Responses/AiStatisticsResponse.cs" line-rate="1" branch-rate="1" complexity="2">
          <methods>
            <method name="get_Labels" signature="()" line-rate="1" branch-rate="1" complexity="1">
              <lines>
                <line number="20" hits="18" branch="False" />
              </lines>
            </method>
            <method name="get_Data" signature="()" line-rate="1" branch-rate="1" complexity="1">
              <lines>
                <line number="23" hits="17" branch="False" />
              </lines>
            </method>
          </methods>
          <lines>
            <line number="20" hits="18" branch="False" />
            <line number="23" hits="17" branch="False" />
          </lines>
        </class>
        <class name="WebApi.Models.Responses.ReviewAiModel" filename="Models/Responses/AiStatisticsResponse.cs" line-rate="0" branch-rate="1" complexity="6">
          <methods>
            <method name="get_RawText" signature="()" line-rate="0" branch-rate="1" complexity="1">
              <lines>
                <line number="29" hits="0" branch="False" />
              </lines>
            </method>
            <method name="get_SubmittedOn" signature="()" line-rate="0" branch-rate="1" complexity="1">
              <lines>
                <line number="32" hits="0" branch="False" />
              </lines>
            </method>
            <method name="get_Rating" signature="()" line-rate="0" branch-rate="1" complexity="1">
              <lines>
                <line number="35" hits="0" branch="False" />
              </lines>
            </method>
            <method name="get_ClientId" signature="()" line-rate="0" branch-rate="1" complexity="1">
              <lines>
                <line number="38" hits="0" branch="False" />
              </lines>
            </method>
            <method name="get_RatingType" signature="()" line-rate="0" branch-rate="1" complexity="1">
              <lines>
                <line number="41" hits="0" branch="False" />
              </lines>
            </method>
            <method name="get_SentimentLabel" signature="()" line-rate="0" branch-rate="1" complexity="1">
              <lines>
                <line number="44" hits="0" branch="False" />
              </lines>
            </method>
          </methods>
          <lines>
            <line number="29" hits="0" branch="False" />
            <line number="32" hits="0" branch="False" />
            <line number="35" hits="0" branch="False" />
            <line number="38" hits="0" branch="False" />
            <line number="41" hits="0" branch="False" />
            <line number="44" hits="0" branch="False" />
          </lines>
        </class>
        <class name="WebApi.Models.Requests.AddBusinessCommand" filename="Models/Requests/AddBusinessCommand.cs" line-rate="0.5" branch-rate="1" complexity="3">
          <methods>
            <method name="get_Name" signature="()" line-rate="0" branch-rate="1" complexity="1">
              <lines>
                <line number="4" hits="0" branch="False" />
              </lines>
            </method>
            <method name="get_Industry" signature="()" line-rate="0" branch-rate="1" complexity="1">
              <lines>
                <line number="5" hits="0" branch="False" />
              </lines>
            </method>
            <method name=".ctor" signature="(System.String,System.String)" line-rate="1" branch-rate="1" complexity="1">
              <lines>
                <line number="3" hits="1" branch="False" />
                <line number="6" hits="1" branch="False" />
              </lines>
            </method>
          </methods>
          <lines>
            <line number="4" hits="0" branch="False" />
            <line number="5" hits="0" branch="False" />
            <line number="3" hits="1" branch="False" />
            <line number="6" hits="1" branch="False" />
          </lines>
        </class>
        <class name="WebApi.Models.Requests.AddClientCommand" filename="Models/Requests/AddClientCommand.cs" line-rate="0.4" branch-rate="1" complexity="4">
          <methods>
            <method name="get_Username" signature="()" line-rate="0" branch-rate="1" complexity="1">
              <lines>
                <line number="4" hits="0" branch="False" />
              </lines>
            </method>
            <method name="get_Email" signature="()" line-rate="0" branch-rate="1" complexity="1">
              <lines>
                <line number="5" hits="0" branch="False" />
              </lines>
            </method>
            <method name="get_PhoneNumber" signature="()" line-rate="0" branch-rate="1" complexity="1">
              <lines>
                <line number="6" hits="0" branch="False" />
              </lines>
            </method>
            <method name=".ctor" signature="(System.String,System.String,System.String)" line-rate="1" branch-rate="1" complexity="1">
              <lines>
                <line number="3" hits="1" branch="False" />
                <line number="7" hits="1" branch="False" />
              </lines>
            </method>
          </methods>
          <lines>
            <line number="4" hits="0" branch="False" />
            <line number="5" hits="0" branch="False" />
            <line number="6" hits="0" branch="False" />
            <line number="3" hits="1" branch="False" />
            <line number="7" hits="1" branch="False" />
          </lines>
        </class>
        <class name="WebApi.Models.Requests.AddReplyCommand" filename="Models/Requests/AddReplyCommand.cs" line-rate="0.5" branch-rate="1" complexity="4">
          <methods>
            <method name="get_ReviewId" signature="()" line-rate="0" branch-rate="1" complexity="1">
              <lines>
                <line number="4" hits="0" branch="False" />
              </lines>
            </method>
            <method name="get_ToClientId" signature="()" line-rate="0" branch-rate="1" complexity="1">
              <lines>
                <line number="5" hits="0" branch="False" />
              </lines>
            </method>
            <method name="get_RawText" signature="()" line-rate="1" branch-rate="1" complexity="1">
              <lines>
                <line number="6" hits="1" branch="False" />
              </lines>
            </method>
            <method name=".ctor" signature="(System.Guid,System.Guid,System.String)" line-rate="1" branch-rate="1" complexity="1">
              <lines>
                <line number="3" hits="1" branch="False" />
              </lines>
            </method>
          </methods>
          <lines>
            <line number="4" hits="0" branch="False" />
            <line number="5" hits="0" branch="False" />
            <line number="6" hits="1" branch="False" />
            <line number="3" hits="1" branch="False" />
          </lines>
        </class>
        <class name="WebApi.Models.Requests.AddReviewCommand" filename="Models/Requests/AddReviewCommand.cs" line-rate="0.2857" branch-rate="1" complexity="6">
          <methods>
            <method name="get_BusinessId" signature="()" line-rate="0" branch-rate="1" complexity="1">
              <lines>
                <line number="4" hits="0" branch="False" />
              </lines>
            </method>
            <method name="get_ClientId" signature="()" line-rate="0" branch-rate="1" complexity="1">
              <lines>
                <line number="5" hits="0" branch="False" />
              </lines>
            </method>
            <method name="get_Review" signature="()" line-rate="0" branch-rate="1" complexity="1">
              <lines>
                <line number="6" hits="0" branch="False" />
              </lines>
            </method>
            <method name="get_RawText" signature="()" line-rate="0" branch-rate="1" complexity="1">
              <lines>
                <line number="7" hits="0" branch="False" />
              </lines>
            </method>
            <method name="get_SubmitedOn" signature="()" line-rate="0" branch-rate="1" complexity="1">
              <lines>
                <line number="8" hits="0" branch="False" />
              </lines>
            </method>
            <method name=".ctor" signature="(System.Guid,System.Guid,System.Decimal,System.String,System.String)" line-rate="1" branch-rate="1" complexity="1">
              <lines>
                <line number="3" hits="1" branch="False" />
                <line number="9" hits="1" branch="False" />
              </lines>
            </method>
          </methods>
          <lines>
            <line number="4" hits="0" branch="False" />
            <line number="5" hits="0" branch="False" />
            <line number="6" hits="0" branch="False" />
            <line number="7" hits="0" branch="False" />
            <line number="8" hits="0" branch="False" />
            <line number="3" hits="1" branch="False" />
            <line number="9" hits="1" branch="False" />
          </lines>
        </class>
        <class name="WebApi.Models.Requests.LoginCommand" filename="Models/Requests/LoginCommand.cs" line-rate="1" branch-rate="1" complexity="2">
          <methods>
            <method name="get_Email" signature="()" line-rate="1" branch-rate="1" complexity="1">
              <lines>
                <line number="5" hits="15" branch="False" />
              </lines>
            </method>
            <method name="get_Password" signature="()" line-rate="1" branch-rate="1" complexity="1">
              <lines>
                <line number="6" hits="15" branch="False" />
              </lines>
            </method>
          </methods>
          <lines>
            <line number="5" hits="15" branch="False" />
            <line number="6" hits="15" branch="False" />
          </lines>
        </class>
        <class name="WebApi.Models.Requests.RegisterCommand" filename="Models/Requests/RegisterCommand.cs" line-rate="1" branch-rate="1" complexity="5">
          <methods>
            <method name="get_Username" signature="()" line-rate="1" branch-rate="1" complexity="1">
              <lines>
                <line number="5" hits="28" branch="False" />
              </lines>
            </method>
            <method name="get_BusinessId" signature="()" line-rate="1" branch-rate="1" complexity="1">
              <lines>
                <line number="6" hits="1" branch="False" />
              </lines>
            </method>
            <method name="get_Email" signature="()" line-rate="1" branch-rate="1" complexity="1">
              <lines>
                <line number="7" hits="28" branch="False" />
              </lines>
            </method>
            <method name="get_Password" signature="()" line-rate="1" branch-rate="1" complexity="1">
              <lines>
                <line number="8" hits="31" branch="False" />
              </lines>
            </method>
            <method name="get_UserRole" signature="()" line-rate="1" branch-rate="1" complexity="1">
              <lines>
                <line number="9" hits="26" branch="False" />
              </lines>
            </method>
          </methods>
          <lines>
            <line number="5" hits="28" branch="False" />
            <line number="6" hits="1" branch="False" />
            <line number="7" hits="28" branch="False" />
            <line number="8" hits="31" branch="False" />
            <line number="9" hits="26" branch="False" />
          </lines>
        </class>
      </classes>
    </package>
  </packages>
</coverage>